<?xml version="1.0" encoding="UTF-8"?>
<!-- Generated by org.testng.reporters.JUnitXMLReporter -->
<testsuite ignored="0" hostname="Reshmis-MacBook-Pro.local" failures="0" tests="15" name="Surefire test" time="0.046" errors="0" timestamp="2021-08-23T22:11:37 MDT">
  <testcase classname="XYZDogShelter.FoodOrder.PositiveTest" name="verifyCalculation" time="0.008"/>
  <testcase classname="XYZDogShelter.FoodOrder.PositiveTest" name="verifyCalculation" time="0.0"/>
  <testcase classname="XYZDogShelter.FoodOrder.PositiveTest" name="verifyCalculation" time="0.001"/>
  <testcase classname="XYZDogShelter.FoodOrder.PositiveTest" name="verifyCalculation" time="0.0"/>
  <testcase classname="XYZDogShelter.FoodOrder.PositiveTest" name="verifyCalculation" time="0.0"/>
  <testcase classname="XYZDogShelter.FoodOrder.PositiveTest" name="verifyExtraPCT" time="0.0"/>
  <testcase classname="XYZDogShelter.FoodOrder.PositiveTest" name="verifyTotalDogs" time="0.0"/>
  <testcase classname="XYZDogShelter.FoodOrder.PositiveTest" name="verifyTotalDogs" time="0.0"/>
  <testcase classname="XYZDogShelter.FoodOrder.PositiveTest" name="verifyTotalDogs" time="0.0"/>
  <testcase classname="XYZDogShelter.FoodOrder.PositiveTest" name="verifyTotalDogs" time="0.0"/>
  <testcase classname="XYZDogShelter.FoodOrder.PositiveTest" name="verifyTotalDogs" time="0.0"/>
  <testcase classname="XYZDogShelter.FoodOrder.UnitTest" name="testQuantity" time="0.0"/>
  <testcase classname="XYZDogShelter.FoodOrder.UnitTest" name="testSum" time="0.0"/>
  <testcase classname="XYZDogShelter.FoodOrder.NegativeTest" name="verifyInput" time="0.001"/>
  <testcase classname="XYZDogShelter.FoodOrder.NegativeTest" name="verifyInput" time="0.0"/>
</testsuite> <!-- Surefire test -->
