<?xml version="1.0" encoding="UTF-8"?>
<testsuite xmlns:xsi="http://www.w3.org/2001/XMLSchema-instance" xsi:noNamespaceSchemaLocation="https://maven.apache.org/surefire/maven-surefire-plugin/xsd/surefire-test-report.xsd" name="TestSuite" time="0.33" tests="15" errors="0" skipped="0" failures="0">
  <properties>
[...]
</properties>
  <testcase name="verifyCalculation" classname="XYZDogShelter.FoodOrder.PositiveTest" time="0.009"/>
  <testcase name="verifyCalculation" classname="XYZDogShelter.FoodOrder.PositiveTest" time="0"/>
  <testcase name="verifyCalculation" classname="XYZDogShelter.FoodOrder.PositiveTest" time="0.001"/>
  <testcase name="verifyCalculation" classname="XYZDogShelter.FoodOrder.PositiveTest" time="0.002"/>
  <testcase name="verifyCalculation" classname="XYZDogShelter.FoodOrder.PositiveTest" time="0"/>
  <testcase name="verifyExtraPCT" classname="XYZDogShelter.FoodOrder.PositiveTest" time="0"/>
  <testcase name="verifyTotalDogs" classname="XYZDogShelter.FoodOrder.PositiveTest" time="0"/>
  <testcase name="verifyTotalDogs" classname="XYZDogShelter.FoodOrder.PositiveTest" time="0"/>
  <testcase name="verifyTotalDogs" classname="XYZDogShelter.FoodOrder.PositiveTest" time="0"/>
  <testcase name="verifyTotalDogs" classname="XYZDogShelter.FoodOrder.PositiveTest" time="0.001"/>
  <testcase name="verifyTotalDogs" classname="XYZDogShelter.FoodOrder.PositiveTest" time="0"/>
  <testcase name="testQuantity" classname="XYZDogShelter.FoodOrder.UnitTest" time="0.001"/>
  <testcase name="testSum" classname="XYZDogShelter.FoodOrder.UnitTest" time="0"/>
  <testcase name="verifyInput" classname="XYZDogShelter.FoodOrder.NegativeTest" time="0"/>
  <testcase name="verifyInput" classname="XYZDogShelter.FoodOrder.NegativeTest" time="0"/>
</testsuite>