<?xml version="1.0" encoding="UTF-8"?>
<testng-results ignored="0" total="15" passed="15" failed="0" skipped="0">
  <reporter-output>
  </reporter-output>
  <suite started-at="2021-08-23T22:11:37 MDT" name="Surefire suite" finished-at="2021-08-23T22:11:37 MDT" duration-ms="46">
    <groups>
    </groups>
    <test started-at="2021-08-23T22:11:37 MDT" name="Surefire test" finished-at="2021-08-23T22:11:37 MDT" duration-ms="46">
      <class name="XYZDogShelter.FoodOrder.UnitTest">
        <test-method signature="testQuantity()[pri:0, instance:XYZDogShelter.FoodOrder.UnitTest@40ef3420]" started-at="2021-08-23T22:11:37 MDT" name="testQuantity" finished-at="2021-08-23T22:11:37 MDT" duration-ms="0" status="PASS">
          <reporter-output>
          </reporter-output>
        </test-method> <!-- testQuantity -->
        <test-method signature="testSum()[pri:0, instance:XYZDogShelter.FoodOrder.UnitTest@40ef3420]" started-at="2021-08-23T22:11:37 MDT" name="testSum" finished-at="2021-08-23T22:11:37 MDT" duration-ms="0" status="PASS">
          <reporter-output>
          </reporter-output>
        </test-method> <!-- testSum -->
      </class> <!-- XYZDogShelter.FoodOrder.UnitTest -->
      <class name="XYZDogShelter.FoodOrder.NegativeTest">
        <test-method signature="verifyInput(int,int,int,double)[pri:0, instance:XYZDogShelter.FoodOrder.NegativeTest@498d318c]" started-at="2021-08-23T22:11:37 MDT" name="verifyInput" data-provider="DataSheet_Negative1" finished-at="2021-08-23T22:11:37 MDT" duration-ms="1" status="PASS">
          <params>
            <param index="0">
              <value>
                <![CDATA[-1]]>
              </value>
            </param>
            <param index="1">
              <value>
                <![CDATA[3]]>
              </value>
            </param>
            <param index="2">
              <value>
                <![CDATA[7]]>
              </value>
            </param>
            <param index="3">
              <value>
                <![CDATA[40.0]]>
              </value>
            </param>
          </params>
          <reporter-output>
          </reporter-output>
        </test-method> <!-- verifyInput -->
        <test-method signature="verifyInput(int,int,int,double)[pri:0, instance:XYZDogShelter.FoodOrder.NegativeTest@498d318c]" started-at="2021-08-23T22:11:37 MDT" name="verifyInput" data-provider="DataSheet_Negative1" finished-at="2021-08-23T22:11:37 MDT" duration-ms="0" status="PASS">
          <params>
            <param index="0">
              <value>
                <![CDATA[8]]>
              </value>
            </param>
            <param index="1">
              <value>
                <![CDATA[2]]>
              </value>
            </param>
            <param index="2">
              <value>
                <![CDATA[10]]>
              </value>
            </param>
            <param index="3">
              <value>
                <![CDATA[-40.0]]>
              </value>
            </param>
          </params>
          <reporter-output>
          </reporter-output>
        </test-method> <!-- verifyInput -->
      </class> <!-- XYZDogShelter.FoodOrder.NegativeTest -->
      <class name="XYZDogShelter.FoodOrder.PositiveTest">
        <test-method signature="verifyCalculation(int,int,int,double,double)[pri:0, instance:XYZDogShelter.FoodOrder.PositiveTest@188715b5]" started-at="2021-08-23T22:11:37 MDT" name="verifyCalculation" data-provider="DataSheet_Positive" finished-at="2021-08-23T22:11:37 MDT" duration-ms="8" status="PASS">
          <params>
            <param index="0">
              <value>
                <![CDATA[5]]>
              </value>
            </param>
            <param index="1">
              <value>
                <![CDATA[3]]>
              </value>
            </param>
            <param index="2">
              <value>
                <![CDATA[7]]>
              </value>
            </param>
            <param index="3">
              <value>
                <![CDATA[40.0]]>
              </value>
            </param>
            <param index="4">
              <value>
                <![CDATA[336.0]]>
              </value>
            </param>
          </params>
          <reporter-output>
          </reporter-output>
        </test-method> <!-- verifyCalculation -->
        <test-method signature="verifyCalculation(int,int,int,double,double)[pri:0, instance:XYZDogShelter.FoodOrder.PositiveTest@188715b5]" started-at="2021-08-23T22:11:37 MDT" name="verifyCalculation" data-provider="DataSheet_Positive" finished-at="2021-08-23T22:11:37 MDT" duration-ms="1" status="PASS">
          <params>
            <param index="0">
              <value>
                <![CDATA[15]]>
              </value>
            </param>
            <param index="1">
              <value>
                <![CDATA[2]]>
              </value>
            </param>
            <param index="2">
              <value>
                <![CDATA[10]]>
              </value>
            </param>
            <param index="3">
              <value>
                <![CDATA[56.3]]>
              </value>
            </param>
            <param index="4">
              <value>
                <![CDATA[520.44]]>
              </value>
            </param>
          </params>
          <reporter-output>
          </reporter-output>
        </test-method> <!-- verifyCalculation -->
        <test-method signature="verifyCalculation(int,int,int,double,double)[pri:0, instance:XYZDogShelter.FoodOrder.PositiveTest@188715b5]" started-at="2021-08-23T22:11:37 MDT" name="verifyCalculation" data-provider="DataSheet_Positive" finished-at="2021-08-23T22:11:37 MDT" duration-ms="0" status="PASS">
          <params>
            <param index="0">
              <value>
                <![CDATA[8]]>
              </value>
            </param>
            <param index="1">
              <value>
                <![CDATA[2]]>
              </value>
            </param>
            <param index="2">
              <value>
                <![CDATA[10]]>
              </value>
            </param>
            <param index="3">
              <value>
                <![CDATA[50.0]]>
              </value>
            </param>
            <param index="4">
              <value>
                <![CDATA[444]]>
              </value>
            </param>
          </params>
          <reporter-output>
          </reporter-output>
        </test-method> <!-- verifyCalculation -->
        <test-method signature="verifyCalculation(int,int,int,double,double)[pri:0, instance:XYZDogShelter.FoodOrder.PositiveTest@188715b5]" started-at="2021-08-23T22:11:37 MDT" name="verifyCalculation" data-provider="DataSheet_Positive" finished-at="2021-08-23T22:11:37 MDT" duration-ms="0" status="PASS">
          <params>
            <param index="0">
              <value>
                <![CDATA[2]]>
              </value>
            </param>
            <param index="1">
              <value>
                <![CDATA[2]]>
              </value>
            </param>
            <param index="2">
              <value>
                <![CDATA[2]]>
              </value>
            </param>
            <param index="3">
              <value>
                <![CDATA[120.0]]>
              </value>
            </param>
            <param index="4">
              <value>
                <![CDATA[0.0]]>
              </value>
            </param>
          </params>
          <reporter-output>
          </reporter-output>
        </test-method> <!-- verifyCalculation -->
        <test-method signature="verifyCalculation(int,int,int,double,double)[pri:0, instance:XYZDogShelter.FoodOrder.PositiveTest@188715b5]" started-at="2021-08-23T22:11:37 MDT" name="verifyCalculation" data-provider="DataSheet_Positive" finished-at="2021-08-23T22:11:37 MDT" duration-ms="0" status="PASS">
          <params>
            <param index="0">
              <value>
                <![CDATA[2]]>
              </value>
            </param>
            <param index="1">
              <value>
                <![CDATA[2]]>
              </value>
            </param>
            <param index="2">
              <value>
                <![CDATA[2]]>
              </value>
            </param>
            <param index="3">
              <value>
                <![CDATA[130.0]]>
              </value>
            </param>
            <param index="4">
              <value>
                <![CDATA[0.0]]>
              </value>
            </param>
          </params>
          <reporter-output>
          </reporter-output>
        </test-method> <!-- verifyCalculation -->
        <test-method signature="verifyTotalDogs(int,int,int,double,double)[pri:0, instance:XYZDogShelter.FoodOrder.PositiveTest@188715b5]" started-at="2021-08-23T22:11:37 MDT" name="verifyTotalDogs" data-provider="DataSheet_Positive" finished-at="2021-08-23T22:11:37 MDT" duration-ms="0" status="PASS">
          <params>
            <param index="0">
              <value>
                <![CDATA[5]]>
              </value>
            </param>
            <param index="1">
              <value>
                <![CDATA[3]]>
              </value>
            </param>
            <param index="2">
              <value>
                <![CDATA[7]]>
              </value>
            </param>
            <param index="3">
              <value>
                <![CDATA[40.0]]>
              </value>
            </param>
            <param index="4">
              <value>
                <![CDATA[336.0]]>
              </value>
            </param>
          </params>
          <reporter-output>
          </reporter-output>
        </test-method> <!-- verifyTotalDogs -->
        <test-method signature="verifyExtraPCT()[pri:0, instance:XYZDogShelter.FoodOrder.PositiveTest@188715b5]" started-at="2021-08-23T22:11:37 MDT" name="verifyExtraPCT" finished-at="2021-08-23T22:11:37 MDT" duration-ms="0" status="PASS">
          <reporter-output>
          </reporter-output>
        </test-method> <!-- verifyExtraPCT -->
        <test-method signature="verifyTotalDogs(int,int,int,double,double)[pri:0, instance:XYZDogShelter.FoodOrder.PositiveTest@188715b5]" started-at="2021-08-23T22:11:37 MDT" name="verifyTotalDogs" data-provider="DataSheet_Positive" finished-at="2021-08-23T22:11:37 MDT" duration-ms="0" status="PASS">
          <params>
            <param index="0">
              <value>
                <![CDATA[2]]>
              </value>
            </param>
            <param index="1">
              <value>
                <![CDATA[2]]>
              </value>
            </param>
            <param index="2">
              <value>
                <![CDATA[2]]>
              </value>
            </param>
            <param index="3">
              <value>
                <![CDATA[120.0]]>
              </value>
            </param>
            <param index="4">
              <value>
                <![CDATA[0.0]]>
              </value>
            </param>
          </params>
          <reporter-output>
          </reporter-output>
        </test-method> <!-- verifyTotalDogs -->
        <test-method signature="verifyTotalDogs(int,int,int,double,double)[pri:0, instance:XYZDogShelter.FoodOrder.PositiveTest@188715b5]" started-at="2021-08-23T22:11:37 MDT" name="verifyTotalDogs" data-provider="DataSheet_Positive" finished-at="2021-08-23T22:11:37 MDT" duration-ms="0" status="PASS">
          <params>
            <param index="0">
              <value>
                <![CDATA[8]]>
              </value>
            </param>
            <param index="1">
              <value>
                <![CDATA[2]]>
              </value>
            </param>
            <param index="2">
              <value>
                <![CDATA[10]]>
              </value>
            </param>
            <param index="3">
              <value>
                <![CDATA[50.0]]>
              </value>
            </param>
            <param index="4">
              <value>
                <![CDATA[444]]>
              </value>
            </param>
          </params>
          <reporter-output>
          </reporter-output>
        </test-method> <!-- verifyTotalDogs -->
        <test-method signature="verifyTotalDogs(int,int,int,double,double)[pri:0, instance:XYZDogShelter.FoodOrder.PositiveTest@188715b5]" started-at="2021-08-23T22:11:37 MDT" name="verifyTotalDogs" data-provider="DataSheet_Positive" finished-at="2021-08-23T22:11:37 MDT" duration-ms="0" status="PASS">
          <params>
            <param index="0">
              <value>
                <![CDATA[15]]>
              </value>
            </param>
            <param index="1">
              <value>
                <![CDATA[2]]>
              </value>
            </param>
            <param index="2">
              <value>
                <![CDATA[10]]>
              </value>
            </param>
            <param index="3">
              <value>
                <![CDATA[56.3]]>
              </value>
            </param>
            <param index="4">
              <value>
                <![CDATA[520.44]]>
              </value>
            </param>
          </params>
          <reporter-output>
          </reporter-output>
        </test-method> <!-- verifyTotalDogs -->
        <test-method signature="verifyTotalDogs(int,int,int,double,double)[pri:0, instance:XYZDogShelter.FoodOrder.PositiveTest@188715b5]" started-at="2021-08-23T22:11:37 MDT" name="verifyTotalDogs" data-provider="DataSheet_Positive" finished-at="2021-08-23T22:11:37 MDT" duration-ms="0" status="PASS">
          <params>
            <param index="0">
              <value>
                <![CDATA[2]]>
              </value>
            </param>
            <param index="1">
              <value>
                <![CDATA[2]]>
              </value>
            </param>
            <param index="2">
              <value>
                <![CDATA[2]]>
              </value>
            </param>
            <param index="3">
              <value>
                <![CDATA[130.0]]>
              </value>
            </param>
            <param index="4">
              <value>
                <![CDATA[0.0]]>
              </value>
            </param>
          </params>
          <reporter-output>
          </reporter-output>
        </test-method> <!-- verifyTotalDogs -->
      </class> <!-- XYZDogShelter.FoodOrder.PositiveTest -->
    </test> <!-- Surefire test -->
  </suite> <!-- Surefire suite -->
</testng-results>
